[0;33m
🅼 🅸 🅽 🅸 🆂 🅷 🅴 🅻 ->[33;5m🅻
[0;37m
Welcome cfontain
[0mtty is =0
Minishell $> cd
Minishell $> cd .. 
Minishell $> cd . 
Minishell $> cd /Users 
Minishell $> cd // 
Minishell $> cd '//' 
Minishell $> cd ////// 
Minishell $> cd ./././ 
Minishell $> cd /
Minishell $> echo '/////'
/////
Minishell $> cd '/etc' 
Minishell $> cd '/var' 
Minishell $> cd "doesntexist" 
Minishell $> cd "doesntexist"
Minishell $> cd ../../..
Minishell $> cd "wtf"
Minishell $> cd .. 
Minishell $> cd ..
Minishell $> cd ?
Minishell $> cd +
Minishell $> cd _
Minishell $> cd woof
Minishell $> cd bark bark
Minishell $> cd '/' 
Minishell $> echo "salut ca va"
salut ca va
Minishell $> exit
