make all --print-data-base --no-builtin-variables --no-builtin-rules --question
# GNU Make 4.2.1
# Built for x86_64-pc-linux-gnu
# Copyright (C) 1988-2016 Free Software Foundation, Inc.
# License GPLv3+: GNU GPL version 3 or later <http://gnu.org/licenses/gpl.html>
# This is free software: you are free to change and redistribute it.
# There is NO WARRANTY, to the extent permitted by law.
 

# Make data base, printed on Thu Sep  8 10:10:35 2022

# Variables

# automatic
<D = $(patsubst %/,%,$(dir $<))
# automatic
?F = $(notdir $?)
# environment
DESKTOP_SESSION = ubuntu
# default
.SHELLFLAGS := -c
# environment
XDG_SESSION_CLASS = user
# environment
XDG_SESSION_TYPE = x11
# automatic
?D = $(patsubst %/,%,$(dir $?))
# automatic
@D = $(patsubst %/,%,$(dir $@))
# environment
XAUTHORITY = /mnt/nfs/homes/cfontain/.Xauthority
# environment
GDMSESSION = ubuntu
# environment
XMODIFIERS = @im=ibus
# makefile
CURDIR := /mnt/nfs/homes/cfontain/Documents/Cursus/minishell
# makefile
SHELL = /bin/sh
# makefile (from 'Makefile', line 46)
RM = rm -f
# environment
VTE_VERSION = 6003
# environment
VSCODE_NLS_CONFIG = {"locale":"en-us","availableLanguages":{},"_languagePackSupport":true}
# environment
JOURNAL_STREAM = 9:273163
# environment
XDG_CONFIG_DIRS = /etc/xdg/xdg-ubuntu:/etc/xdg
# makefile (from 'Makefile', line 1)
MAKEFILE_LIST :=  Makefile
# makefile (from 'Makefile', line 15)
LIB_DIR = ./libft
# automatic
@F = $(notdir $@)
# environment
IM_CONFIG_PHASE = 1
# 'override' directive
GNUMAKEFLAGS := 
# environment
MANDATORY_PATH = /usr/share/gconf/ubuntu.mandatory.path
# environment
XDG_DATA_DIRS = /usr/share/gnome:/usr/share/ubuntu:/mnt/nfs/homes/cfontain/.local/share/flatpak/exports/share:/var/lib/flatpak/exports/share:/usr/local/share:/usr/share:/var/lib/snapd/desktop
# environment
DBUS_SESSION_BUS_ADDRESS = unix:path=/run/user/101819/bus,guid=cfbe9bb0dbbeffa74013c7fa6319a330
# environment
_ = /usr/bin/code
# makefile (from 'Makefile', line 44)
OBJS = ${SRCS:.c=.o} 
# environment
MANAGERPID = 52553
# environment
VSCODE_CWD = /mnt/nfs/homes/cfontain/Documents/Cursus/minishell
# environment
XDG_SESSION_PATH = /org/freedesktop/DisplayManager/Session0
# environment
KRB5CCNAME = FILE:/tmp/krb5cc_101819_SzcvhA
# default
MAKE_HOST := x86_64-pc-linux-gnu
# environment
PATH = /mnt/nfs/homes/cfontain/bin:/usr/local/sbin:/usr/local/bin:/usr/sbin:/usr/bin:/sbin:/bin:/usr/games:/usr/local/games:/snap/bin
# environment
GPG_AGENT_INFO = /run/user/101819/gnupg/S.gpg-agent:0:1
# environment
SESSION_MANAGER = local/e1r12p8.clusters.42paris.fr:@/tmp/.ICE-unix/53108,unix/e1r12p8.clusters.42paris.fr:/tmp/.ICE-unix/53108
# environment
XDG_RUNTIME_DIR = /run/user/101819
# environment
XDG_MENU_PREFIX = gnome-
# environment
ELECTRON_RUN_AS_NODE = 1
# environment
INVOCATION_ID = bac40c718690423c94fde88f520a4d00
# default
.FEATURES := target-specific order-only second-expansion else-if shortest-stem undefine oneshell archives jobserver output-sync check-symlink load
# environment
XDG_GREETER_DATA_DIR = /var/lib/lightdm-data/cfontain
# makefile (from 'Makefile', line 37)
UTILITIES = ./srcs/utilities/garbage_collector.c ./srcs/utilities/welcome_message.c ./srcs/utilities/pipes_mgmt.c ./srcs/utilities/init.c
# environment
XDG_SESSION_DESKTOP = ubuntu
# environment
SSH_AUTH_SOCK = /run/user/101819/keyring/ssh
# automatic
%F = $(notdir $%)
# environment
DISPLAY = :0
# environment
PWD = /mnt/nfs/homes/cfontain/Documents/Cursus/minishell
# default
.LOADED := 
# environment
SSH_AGENT_PID = 53071
# environment
ORIGINAL_XDG_CURRENT_DESKTOP = ubuntu:GNOME
# environment
GTK_MODULES = gail:atk-bridge
# environment
VSCODE_AMD_ENTRYPOINT = vs/workbench/api/node/extensionHostProcess
# environment
HOME = /mnt/nfs/homes/cfontain
# environment
VSCODE_CLI = 1
# environment
VSCODE_CODE_CACHE_PATH = /mnt/nfs/homes/cfontain/.config/Code/CachedData/784b0177c56c607789f9638da7b6bf3230d47a8c
# environment
LOGNAME = cfontain
# environment
APPLICATION_INSIGHTS_NO_DIAGNOSTIC_CHANNEL = 1
# environment
ELECTRON_NO_ATTACH_CONSOLE = 1
# environment
VSCODE_HANDLES_UNCAUGHT_ERRORS = true
# environment
GNOME_DESKTOP_SESSION_ID = this-is-deprecated
# automatic
^D = $(patsubst %/,%,$(dir $^))
# environment
MAKELEVEL := 0
# environment
COLORTERM = truecolor
# default
MAKE = $(MAKE_COMMAND)
# default
MAKECMDGOALS := all
# environment
QT_IM_MODULE = ibus
# makefile (from 'Makefile', line 42)
SRCS = ${MAIN} ${CORE} ${BUILTIN} ${UTILITIES}
# environment
SHLVL = 2
# makefile (from 'Makefile', line 17)
LIBFT = ./libft/libft.a
# makefile (from 'Makefile', line 48)
CC = cc
# default
MAKE_VERSION := 4.2.1
# environment
USER = cfontain
# makefile
.DEFAULT_GOAL := all
# environment
XDG_CURRENT_DESKTOP = Unity
# environment
LIBVIRT_DEFAULT_URI = qemu:///system
# automatic
%D = $(patsubst %/,%,$(dir $%))
# default
MAKE_COMMAND := make
# environment
OLDPWD = /mnt/nfs/homes/cfontain/Documents/Cursus/minishell
# default
.VARIABLES := 
# automatic
*F = $(notdir $*)
# environment
XDG_SEAT_PATH = /org/freedesktop/DisplayManager/Seat0
# environment
VSCODE_IPC_HOOK = /run/user/101819/vscode-21d98923-1.71.0-main.sock
# makefile
MAKEFLAGS = pqrR
# environment
MFLAGS = -pqrR
# automatic
*D = $(patsubst %/,%,$(dir $*))
# makefile (from 'Makefile', line 19)
MAIN = ./srcs/main.c
# automatic
+D = $(patsubst %/,%,$(dir $+))
# environment
GDK_BACKEND = x11
# automatic
+F = $(notdir $+)
# environment
QT_ACCESSIBILITY = 1
# environment
DEFAULTS_PATH = /usr/share/gconf/ubuntu.default.path
# default
MAKEFILES := 
# automatic
<F = $(notdir $<)
# makefile (from 'Makefile', line 32)
BUILTIN = ./srcs/built-in/ft_echo.c ./srcs/built-in/ft_env.c ./srcs/built-in/ft_exit.c ./srcs/built-in/ft_pwd.c
# makefile (from 'Makefile', line 52)
SUPP = printf "{\n    leak readline\n    Memcheck:Leak\n    ...\n    fun:readline\n}\n{\n    leak add_history\n   Memcheck:Leak\n    ...\n    fun:add_history\n}" > ignore_leak.supp
# environment
LC_ALL = C
# environment
DBUS_STARTER_BUS_TYPE = session
# environment
GNOME_TERMINAL_SCREEN = /org/gnome/Terminal/screen/3baf2cc0_8be8_4fe9_aa86_179c6ca8978a
# automatic
^F = $(notdir $^)
# environment
GNOME_TERMINAL_SERVICE = :1.84
# default
SUFFIXES := 
# makefile (from 'Makefile', line 50)
FLAGS = -Wall -Wextra -Werror -g -I includes/
# environment
CHROME_DESKTOP = code-url-handler.desktop
# default
.INCLUDE_DIRS = /usr/include /usr/local/include /usr/include
# makefile (from 'Makefile', line 21)
CORE = ./srcs/core/prompt.c ./srcs/core/pipex.c ./srcs/core/execute.c ./srcs/core/m_parsing_quote.c ./srcs/core/m_split_init.c ./srcs/core/m_split_parse.c ./srcs/core/cut_quote.c ./srcs/core/parsing_token.c ./srcs/core/signals.c ./srcs/core/parsing_alias.c
# makefile (from 'Makefile', line 13)
NAME = minishell
# default
.RECIPEPREFIX := 
# environment
LANG = C
# environment
TERM = xterm-256color
# environment
DOCKER_HOST = unix:///run/user/101819/docker.sock
# environment
VSCODE_PID = 53603
# environment
DBUS_STARTER_ADDRESS = unix:path=/run/user/101819/bus,guid=cfbe9bb0dbbeffa74013c7fa6319a330
# variable set hash-table stats:
# Load=113/1024=11%, Rehash=0, Collisions=17/148=11%

# Pattern-specific Variable Values

# No pattern-specific variable values.

# Directories

# . (device 57, inode 247174121): 15 files, no impossibilities.
# srcs/core (device 57, inode 247179478): 22 files, no impossibilities so far.
# srcs/built-in (device 57, inode 247179472): 10 files, no impossibilities so far.
# srcs (device 57, inode 247179471): 4 files, no impossibilities so far.
# srcs/utilities (device 57, inode 247179500): 10 files, no impossibilities so far.

# 61 files, no impossibilities in 5 directories.

# Implicit Rules

%.o: %.c
#  recipe to execute (from 'Makefile', line 57):
		@${CC} ${FLAGS}  -c $< -o ${<:.c=.o}

# 1 implicit rules, 0 (0.0%) terminal.

# Files

# Not a target:
srcs/utilities/welcome_message.c:
#  Implicit rule search has been done.
#  Last modified 2022-09-07 10:41:22.970270446
#  File has been updated.
#  Successfully updated.

all: minishell
#  Phony target (prerequisite of .PHONY).
#  Command line target.
#  Implicit rule search has not been done.
#  File does not exist.
#  File has been updated.
#  Successfully updated.

.PHONY: all clean fclean re
#  Implicit rule search has not been done.
#  Modification time never checked.
#  File has not been updated.

srcs/built-in/ft_echo.o: srcs/built-in/ft_echo.c
#  Implicit rule search has been done.
 
#  Implicit/static pattern stem: 'srcs/built-in/ft_echo'
#  Last modified 2022-09-07 14:33:09.194097316
#  File has been updated.
#  Successfully updated.
#  recipe to execute (from 'Makefile', line 57):
		@${CC} ${FLAGS}  -c $< -o ${<:.c=.o}

srcs/core/parsing_token.o: srcs/core/parsing_token.c
#  Implicit rule search has been done.
#  Implicit/static pattern stem: 'srcs/core/parsing_token'
#  Last modified 2022-09-07 14:33:09.089096748
#  File has been updated.
#  Successfully updated.
#  recipe to execute (from 'Makefile', line 57):
		@${CC} ${FLAGS}  -c $< -o ${<:.c=.o}

srcs/core/m_split_init.o: srcs/core/m_split_init.c
#  Implicit rule search has been done.
#  Implicit/static pattern stem: 'srcs/core/m_split_init'
#  Last modified 2022-09-07 14:33:08.912095791
#  File has been updated.
#  Successfully updated.
#  recipe to execute (from 'Makefile', line 57):
		@${CC} ${FLAGS}  -c $< -o ${<:.c=.o}

srcs/core/m_split_parse.o: srcs/core/m_split_parse.c
#  Implicit rule search has been done.
#  Implicit/static pattern stem: 'srcs/core/m_split_parse'
#  Last modified 2022-09-07 14:33:08.970096105
#  File has been updated.
#  Successfully updated.
#  recipe to execute (from 'Makefile', line 57):
		@${CC} ${FLAGS}  -c $< -o ${<:.c=.o}

# Not a target:
srcs/core/prompt.c:
#  Implicit rule search has been done.
#  Last modified 2022-09-07 10:41:22.960270392
#  File has been updated.
#  Successfully updated.

# Not a target:
Makefile:
#  Implicit rule search has been done.
#  Last modified 2022-09-07 14:45:26.855085517
#  File has been updated.
#  Successfully updated.

# Not a target:
srcs/main.c:
#  Implicit rule search has been done.
#  Last modified 2022-09-07 15:49:26.433850837
#  File has been updated.
#  Successfully updated.

# Not a target:
srcs/core/cut_quote.c:
#  Implicit rule search has been done.
#  Last modified 2022-09-07 10:41:22.947270323
#  File has been updated.
#  Successfully updated.

# Not a target:
srcs/utilities/pipes_mgmt.c:
#  Implicit rule search has been done.
#  Last modified 2022-09-07 10:41:22.96927044
#  File has been updated.
#  Successfully updated.

srcs/utilities/init.o: srcs/utilities/init.c
#  Implicit rule search has been done.
#  Implicit/static pattern stem: 'srcs/utilities/init'
#  Last modified 2022-09-07 14:33:09.552099251
#  File has been updated.
#  Successfully updated.
#  recipe to execute (from 'Makefile', line 57):
		@${CC} ${FLAGS}  -c $< -o ${<:.c=.o}

srcs/core/execute.o: srcs/core/execute.c
#  Implicit rule search has been done.
#  Implicit/static pattern stem: 'srcs/core/execute'
#  Last modified 2022-09-07 14:33:08.800095186
#  File has been updated.
#  Successfully updated.
#  recipe to execute (from 'Makefile', line 57):
		@${CC} ${FLAGS}  -c $< -o ${<:.c=.o}

minishell: srcs/main.o srcs/core/prompt.o srcs/core/pipex.o srcs/core/execute.o srcs/core/m_parsing_quote.o srcs/core/m_split_init.o srcs/core/m_split_parse.o srcs/core/cut_quote.o srcs/core/parsing_token.o srcs/core/signals.o srcs/core/parsing_alias.o srcs/built-in/ft_echo.o srcs/built-in/ft_env.o srcs/built-in/ft_exit.o srcs/built-in/ft_pwd.o srcs/utilities/garbage_collector.o srcs/utilities/welcome_message.o srcs/utilities/pipes_mgmt.o srcs/utilities/init.o libft/libft.a
#  Implicit rule search has not been done.
#  Last modified 2022-09-07 16:13:08.12453346
#  File has been updated.
#  Successfully updated.
#  recipe to execute (from 'Makefile', line 65):
		@echo "\033[34m----Compiling----"
		@${CC} ${FLAGS} ${OBJS} -L/usr/include -lreadline -o ${NAME} ${LIBFT}
		@${SUPP}
		@echo "OK\033[0m"

libft/libft.a:
#  Implicit rule search has not been done.
#  Last modified 2022-09-07 14:33:11.676110732
#  File has been updated.
#  Successfully updated.
#  recipe to execute (from 'Makefile', line 60):
		@echo "\033[35m----Building libft----"
		@make -sC ${LIB_DIR}
		@echo "OK\033[0m"

fclean: clean
#  Phony target (prerequisite of .PHONY).
#  Implicit rule search has not been done.
#  File does not exist.
#  File has not been updated.
#  recipe to execute (from 'Makefile', line 79):
		@echo "\033[33m----Cleaning all----"
		@${RM} ${NAME}
		@${RM} ${LIBFT}
		@${RM} ignore_leak.supp
		@echo "OK\033[0m"

srcs/core/pipex.o: srcs/core/pipex.c
#  Implicit rule search has been done.
#  Implicit/static pattern stem: 'srcs/core/pipex'
#  Last modified 2022-09-07 14:33:08.743094878
#  File has been updated.
#  Successfully updated.
#  recipe to execute (from 'Makefile', line 57):
		@${CC} ${FLAGS}  -c $< -o ${<:.c=.o}

srcs/core/m_parsing_quote.o: srcs/core/m_parsing_quote.c
#  Implicit rule search has been done.
#  Implicit/static pattern stem: 'srcs/core/m_parsing_quote'
#  Last modified 2022-09-07 14:33:08.852095467
#  File has been updated.
#  Successfully updated.
#  recipe to execute (from 'Makefile', line 57):
		@${CC} ${FLAGS}  -c $< -o ${<:.c=.o}

srcs/core/parsing_alias.o: srcs/core/parsing_alias.c
#  Implicit rule search has been done.
#  Implicit/static pattern stem: 'srcs/core/parsing_alias'
#  Last modified 2022-09-07 16:13:08.014532865
#  File has been updated.
#  Successfully updated.
#  recipe to execute (from 'Makefile', line 57):
		@${CC} ${FLAGS}  -c $< -o ${<:.c=.o}

srcs/built-in/ft_env.o: srcs/built-in/ft_env.c
#  Implicit rule search has been done.
#  Implicit/static pattern stem: 'srcs/built-in/ft_env'
#  Last modified 2022-09-07 14:33:09.24109757
#  File has been updated.
#  Successfully updated.
#  recipe to execute (from 'Makefile', line 57):
		@${CC} ${FLAGS}  -c $< -o ${<:.c=.o}

# Not a target:
srcs/built-in/ft_echo.c:
#  Implicit rule search has been done.
#  Last modified 2022-09-07 10:41:22.940270286
#  File has been updated.
#  Successfully updated.

# Not a target:
srcs/core/parsing_token.c:
#  Implicit rule search has been done.
#  Last modified 2022-09-07 10:41:22.957270376
#  File has been updated.
#  Successfully updated.

srcs/built-in/ft_exit.o: srcs/built-in/ft_exit.c
#  Implicit rule search has been done.
#  Implicit/static pattern stem: 'srcs/built-in/ft_exit'
#  Last modified 2022-09-07 14:33:09.295097862
#  File has been updated.
#  Successfully updated.
#  recipe to execute (from 'Makefile', line 57):
		@${CC} ${FLAGS}  -c $< -o ${<:.c=.o}

srcs/utilities/garbage_collector.o: srcs/utilities/garbage_collector.c
#  Implicit rule search has been done.
#  Implicit/static pattern stem: 'srcs/utilities/garbage_collector'
#  Last modified 2022-09-07 14:33:09.399098424
#  File has been updated.
#  Successfully updated.
#  recipe to execute (from 'Makefile', line 57):
		@${CC} ${FLAGS}  -c $< -o ${<:.c=.o}

# Not a target:
srcs/core/m_split_init.c:
#  Implicit rule search has been done.
#  Last modified 2022-09-07 12:23:28.576958432
#  File has been updated.
#  Successfully updated.

# Not a target:
.DEFAULT:
#  Implicit rule search has not been done.
#  Modification time never checked.
#  File has not been updated.

# Not a target:
srcs/core/m_split_parse.c:
#  Implicit rule search has been done.
#  Last modified 2022-09-07 13:26:45.89281803
#  File has been updated.
#  Successfully updated.

srcs/core/signals.o: srcs/core/signals.c
#  Implicit rule search has been done.
#  Implicit/static pattern stem: 'srcs/core/signals'
#  Last modified 2022-09-07 14:33:09.142097035
#  File has been updated.
#  Successfully updated.
#  recipe to execute (from 'Makefile', line 57):
		@${CC} ${FLAGS}  -c $< -o ${<:.c=.o}

srcs/built-in/ft_pwd.o: srcs/built-in/ft_pwd.c
#  Implicit rule search has been done.
#  Implicit/static pattern stem: 'srcs/built-in/ft_pwd'
#  Last modified 2022-09-07 14:33:09.347098143
#  File has been updated.
#  Successfully updated.
#  recipe to execute (from 'Makefile', line 57):
		@${CC} ${FLAGS}  -c $< -o ${<:.c=.o}

re: fclean all
#  Phony target (prerequisite of .PHONY).
#  Implicit rule search has not been done.
#  File does not exist.
#  File has not been updated.

clean:
#  Phony target (prerequisite of .PHONY).
#  Implicit rule search has not been done.
#  File does not exist.
#  File has not been updated.
#  recipe to execute (from 'Makefile', line 71):
		@echo "\033[31m----Cleaning libft----"
		@make clean -sC ${LIB_DIR}
		@echo "OK"
		@echo "\033[31m----Cleaning objects----"
		@${RM} ${OBJS}
		@echo "OK\033[0m"

# Not a target:
srcs/utilities/init.c:
#  Implicit rule search has been done.
#  Last modified 2022-09-07 14:31:53.497688147
#  File has been updated.
#  Successfully updated.

srcs/utilities/welcome_message.o: srcs/utilities/welcome_message.c
#  Implicit rule search has been done.
#  Implicit/static pattern stem: 'srcs/utilities/welcome_message'
#  Last modified 2022-09-07 14:33:09.449098694
#  File has been updated.
#  Successfully updated.
#  recipe to execute (from 'Makefile', line 57):
		@${CC} ${FLAGS}  -c $< -o ${<:.c=.o}

# Not a target:
srcs/core/execute.c:
#  Implicit rule search has been done.
#  Last modified 2022-09-07 10:41:22.950270339
#  File has been updated.
#  Successfully updated.

# Not a target:
srcs/core/pipex.c:
#  Implicit rule search has been done.
#  Last modified 2022-09-07 10:41:22.958270382
#  File has been updated.
#  Successfully updated.

# Not a target:
srcs/core/m_parsing_quote.c:
#  Implicit rule search has been done.
 
#  Last modified 2022-09-07 10:41:22.951270344
#  File has been updated.
#  Successfully updated.

# Not a target:
srcs/core/parsing_alias.c:
#  Implicit rule search has been done.
#  Last modified 2022-09-07 16:13:06.145522764
#  File has been updated.
#  Successfully updated.

# Not a target:
srcs/built-in/ft_env.c:
#  Implicit rule search has been done.
#  Last modified 2022-09-07 10:41:22.942270296
#  File has been updated.
#  Successfully updated.

# Not a target:
srcs/built-in/ft_exit.c:
#  Implicit rule search has been done.
#  Last modified 2022-09-07 10:41:22.943270302
#  File has been updated.
#  Successfully updated.

# Not a target:
srcs/utilities/garbage_collector.c:
#  Implicit rule search has been done.
#  Last modified 2022-09-07 10:41:22.965270419
#  File has been updated.
#  Successfully updated.

srcs/core/prompt.o: srcs/core/prompt.c
#  Implicit rule search has been done.
#  Implicit/static pattern stem: 'srcs/core/prompt'
#  Last modified 2022-09-07 14:33:08.687094575
#  File has been updated.
#  Successfully updated.
#  recipe to execute (from 'Makefile', line 57):
		@${CC} ${FLAGS}  -c $< -o ${<:.c=.o}

srcs/main.o: srcs/main.c
#  Implicit rule search has been done.
#  Implicit/static pattern stem: 'srcs/main'
#  Last modified 2022-09-07 15:49:29.815869101
#  File has been updated.
#  Successfully updated.
#  recipe to execute (from 'Makefile', line 57):
		@${CC} ${FLAGS}  -c $< -o ${<:.c=.o}

srcs/core/cut_quote.o: srcs/core/cut_quote.c
#  Implicit rule search has been done.
#  Implicit/static pattern stem: 'srcs/core/cut_quote'
#  Last modified 2022-09-07 14:33:09.027096413
#  File has been updated.
#  Successfully updated.
#  recipe to execute (from 'Makefile', line 57):
		@${CC} ${FLAGS}  -c $< -o ${<:.c=.o}

ms: all
#  Implicit rule search has not been done.
#  Modification time never checked.
#  File has not been updated.
#  recipe to execute (from 'Makefile', line 88):
		valgrind --suppressions=ignore_leak.supp --leak-check=full --show-leak-kinds=all --track-origins=yes --track-fds=yes --verbose ./minishell

# Not a target:
srcs/core/signals.c:
#  Implicit rule search has been done.
#  Last modified 2022-09-07 10:41:22.962270403
#  File has been updated.
#  Successfully updated.

# Not a target:
srcs/built-in/ft_pwd.c:
#  Implicit rule search has been done.
#  Last modified 2022-09-07 10:41:22.945270312
#  File has been updated.
#  Successfully updated.

srcs/utilities/pipes_mgmt.o: srcs/utilities/pipes_mgmt.c
#  Implicit rule search has been done.
#  Implicit/static pattern stem: 'srcs/utilities/pipes_mgmt'
#  Last modified 2022-09-07 14:33:09.503098986
#  File has been updated.
#  Successfully updated.
#  recipe to execute (from 'Makefile', line 57):
		@${CC} ${FLAGS}  -c $< -o ${<:.c=.o}

# files hash-table stats:
# Load=49/1024=5%, Rehash=0, Collisions=0/147=0%
# VPATH Search Paths

# No 'vpath' search paths.

# No general ('VPATH' variable) search path.

# strcache buffers: 1 (0) / strings = 126 / storage = 2071 B / avg = 16 B
# current buf: size = 8162 B / used = 2071 B / count = 126 / avg = 16 B

# strcache performance: lookups = 178 / hit rate = 29%
# hash-table stats:
# Load=126/8192=2%, Rehash=0, Collisions=7/178=4%
# Finished Make data base on Thu Sep  8 10:10:35 2022

 
